2013-08-13 22:34:29 [INFO] Starting minecraft server version 1.6.2
2013-08-13 22:34:32 [INFO] Loading properties
2013-08-13 22:34:32 [INFO] Default game type: SURVIVAL
2013-08-13 22:34:32 [INFO] Generating keypair
2013-08-13 22:34:33 [INFO] Starting Minecraft server on *:25565
2013-08-13 22:34:33 [WARNING] **** SERVER IS RUNNING IN OFFLINE/INSECURE MODE!
2013-08-13 22:34:33 [WARNING] The server will make no attempt to authenticate usernames. Beware.
2013-08-13 22:34:33 [WARNING] While this makes the game possible to play without internet access, it also opens up the ability for hackers to connect with any username they choose.
2013-08-13 22:34:33 [WARNING] To change this, set "online-mode" to "true" in the server.properties file.
2013-08-13 22:34:33 [WARNING] Failed to load operators list: java.io.FileNotFoundException: ./ops.txt (No such file or directory)
2013-08-13 22:34:33 [WARNING] Failed to load white-list: java.io.FileNotFoundException: ./white-list.txt (No such file or directory)
2013-08-13 22:34:33 [INFO] Preparing level "mcpworld"
2013-08-13 22:34:33 [INFO] Preparing start region for level 0
2013-08-13 22:34:34 [INFO] Preparing spawn area: 5%
2013-08-13 22:34:35 [INFO] Preparing spawn area: 8%
2013-08-13 22:34:36 [INFO] Preparing spawn area: 13%
2013-08-13 22:34:37 [INFO] Preparing spawn area: 20%
2013-08-13 22:34:38 [INFO] Preparing spawn area: 28%
2013-08-13 22:34:39 [INFO] Preparing spawn area: 35%
2013-08-13 22:34:40 [INFO] Preparing spawn area: 42%
2013-08-13 22:34:41 [INFO] Preparing spawn area: 49%
2013-08-13 22:34:42 [INFO] Preparing spawn area: 55%
2013-08-13 22:34:43 [INFO] Preparing spawn area: 60%
2013-08-13 22:34:44 [INFO] Preparing spawn area: 64%
2013-08-13 22:34:45 [INFO] Preparing spawn area: 70%
2013-08-13 22:34:46 [INFO] Preparing spawn area: 74%
2013-08-13 22:34:47 [INFO] Preparing spawn area: 79%
2013-08-13 22:34:48 [INFO] Preparing spawn area: 85%
2013-08-13 22:34:49 [INFO] Preparing spawn area: 91%
2013-08-13 22:34:50 [INFO] Preparing spawn area: 97%
2013-08-13 22:34:51 [INFO] Done (18.284s)! For help, type "help" or "?"
2013-08-13 22:34:57 [INFO] Stopping the server
2013-08-13 22:34:57 [INFO] Stopping server
2013-08-13 22:34:57 [INFO] Saving players
2013-08-13 22:34:57 [INFO] Saving worlds
2013-08-13 22:34:57 [INFO] Saving chunks for level 'mcpworld'/Overworld
2013-08-13 22:34:57 [INFO] Closing listening thread
2013-08-13 22:35:06 [INFO] Saving chunks for level 'mcpworld'/Nether
2013-08-13 22:35:06 [INFO] Saving chunks for level 'mcpworld'/The End
2013-08-13 22:35:15 [INFO] Stopping server
2013-08-14 00:02:31 [INFO] Starting minecraft server version 1.6.2
2013-08-14 00:02:34 [INFO] Loading properties
2013-08-14 00:02:34 [INFO] Default game type: SURVIVAL
2013-08-14 00:02:34 [INFO] Generating keypair
2013-08-14 00:02:35 [INFO] Starting Minecraft server on *:25565
2013-08-14 00:02:35 [WARNING] **** SERVER IS RUNNING IN OFFLINE/INSECURE MODE!
2013-08-14 00:02:35 [WARNING] The server will make no attempt to authenticate usernames. Beware.
2013-08-14 00:02:35 [WARNING] While this makes the game possible to play without internet access, it also opens up the ability for hackers to connect with any username they choose.
2013-08-14 00:02:35 [WARNING] To change this, set "online-mode" to "true" in the server.properties file.
2013-08-14 00:02:35 [INFO] Preparing level "mcpworld"
2013-08-14 00:02:35 [INFO] Preparing start region for level 0
2013-08-14 00:02:36 [INFO] Preparing spawn area: 46%
2013-08-14 00:02:37 [INFO] Preparing spawn area: 72%
2013-08-14 00:02:38 [INFO] Done (3.423s)! For help, type "help" or "?"
2013-08-14 00:02:41 [WARNING] Can't keep up! Did the system time change, or is the server overloaded?
2013-08-14 00:03:01 [INFO] Stopping the server
2013-08-14 00:03:01 [INFO] Stopping server
2013-08-14 00:03:01 [INFO] Saving players
2013-08-14 00:03:01 [INFO] Saving worlds
2013-08-14 00:03:01 [INFO] Saving chunks for level 'mcpworld'/Overworld
2013-08-14 00:03:01 [INFO] Closing listening thread
2013-08-14 00:03:01 [INFO] Saving chunks for level 'mcpworld'/Nether
2013-08-14 00:03:01 [INFO] Saving chunks for level 'mcpworld'/The End
2013-08-14 00:03:02 [INFO] Stopping server
